Bootstrap.obj : error LNK2019: unresolved external symbol glfwInit referenced in function "public: static void __cdecl Shard::Bootstrap::setup(void)" (?setup@Bootstrap@Shard@@SAXXZ)
Bootstrap.obj : error LNK2019: unresolved external symbol glfwTerminate referenced in function "public: static void __cdecl Shard::Bootstrap::setup(void)" (?setup@Bootstrap@Shard@@SAXXZ)
Bootstrap.obj : error LNK2019: unresolved external symbol glfwWindowHint referenced in function "public: static void __cdecl Shard::Bootstrap::setup(void)" (?setup@Bootstrap@Shard@@SAXXZ)
Bootstrap.obj : error LNK2019: unresolved external symbol glfwCreateWindow referenced in function "public: static void __cdecl Shard::Bootstrap::setup(void)" (?setup@Bootstrap@Shard@@SAXXZ)
Bootstrap.obj : error LNK2019: unresolved external symbol glfwWindowShouldClose referenced in function "public: static void __cdecl Shard::Bootstrap::Main(class std::basic_string<char,struct std::char_traits<char>,class std::allocator<char> > * const)" (?Main@Bootstrap@Shard@@SAXQEAV?$basic_string@DU?$char_traits@D@std@@V?$allocator@D@2@@std@@@Z)
Bootstrap.obj : error LNK2019: unresolved external symbol glfwSetWindowUserPointer referenced in function "public: static void __cdecl Shard::Bootstrap::setup(void)" (?setup@Bootstrap@Shard@@SAXXZ)
Bootstrap.obj : error LNK2019: unresolved external symbol glfwSetFramebufferSizeCallback referenced in function "public: static void __cdecl Shard::Bootstrap::setup(void)" (?setup@Bootstrap@Shard@@SAXXZ)
Bootstrap.obj : error LNK2019: unresolved external symbol glfwPollEvents referenced in function "public: static void __cdecl Shard::Bootstrap::Main(class std::basic_string<char,struct std::char_traits<char>,class std::allocator<char> > * const)" (?Main@Bootstrap@Shard@@SAXQEAV?$basic_string@DU?$char_traits@D@std@@V?$allocator@D@2@@std@@@Z)
Bootstrap.obj : error LNK2019: unresolved external symbol glfwSetKeyCallback referenced in function "public: static void __cdecl Shard::Bootstrap::setup(void)" (?setup@Bootstrap@Shard@@SAXXZ)
imgui_impl_glfw.obj : error LNK2001: unresolved external symbol glfwSetKeyCallback
Bootstrap.obj : error LNK2019: unresolved external symbol glfwSetMouseButtonCallback referenced in function "public: static void __cdecl Shard::Bootstrap::setup(void)" (?setup@Bootstrap@Shard@@SAXXZ)
imgui_impl_glfw.obj : error LNK2001: unresolved external symbol glfwSetMouseButtonCallback
Bootstrap.obj : error LNK2019: unresolved external symbol glfwSetCursorPosCallback referenced in function "public: static void __cdecl Shard::Bootstrap::setup(void)" (?setup@Bootstrap@Shard@@SAXXZ)
imgui_impl_glfw.obj : error LNK2001: unresolved external symbol glfwSetCursorPosCallback
Bootstrap.obj : error LNK2019: unresolved external symbol glfwSetScrollCallback referenced in function "public: static void __cdecl Shard::Bootstrap::setup(void)" (?setup@Bootstrap@Shard@@SAXXZ)
imgui_impl_glfw.obj : error LNK2001: unresolved external symbol glfwSetScrollCallback
Bootstrap.obj : error LNK2019: unresolved external symbol glfwMakeContextCurrent referenced in function "public: static void __cdecl Shard::Bootstrap::setup(void)" (?setup@Bootstrap@Shard@@SAXXZ)
Bootstrap.obj : error LNK2019: unresolved external symbol glfwSwapInterval referenced in function "public: static void __cdecl Shard::Bootstrap::setup(void)" (?setup@Bootstrap@Shard@@SAXXZ)
Bootstrap.obj : error LNK2019: unresolved external symbol glfwGetProcAddress referenced in function "public: static void __cdecl Shard::Bootstrap::setup(void)" (?setup@Bootstrap@Shard@@SAXXZ)
InputManager.obj : error LNK2019: unresolved external symbol glfwGetWindowUserPointer referenced in function "public: static void __cdecl Shard::InputManager::FramebufferSizeCallback(struct GLFWwindow *,int,int)" (?FramebufferSizeCallback@InputManager@Shard@@SAXPEAUGLFWwindow@@HH@Z)
InputManager.obj : error LNK2019: unresolved external symbol glfwGetCursorPos referenced in function "public: static void __cdecl Shard::InputManager::MouseButtonCallback(struct GLFWwindow *,int,int,int)" (?MouseButtonCallback@InputManager@Shard@@SAXPEAUGLFWwindow@@HHH@Z)
imgui_impl_glfw.obj : error LNK2001: unresolved external symbol glfwGetCursorPos
Renderer.obj : error LNK2019: unresolved external symbol glfwSwapBuffers referenced in function "public: void __cdecl Shard::Renderer::render(void)" (?render@Renderer@Shard@@QEAAXXZ)
imgui_impl_glfw.obj : error LNK2019: unresolved external symbol glfwGetError referenced in function "int __cdecl ImGui_ImplGlfw_TranslateUntranslatedKey(int,int)" (?ImGui_ImplGlfw_TranslateUntranslatedKey@@YAHHH@Z)
imgui_impl_glfw.obj : error LNK2019: unresolved external symbol glfwSetErrorCallback referenced in function "int __cdecl ImGui_ImplGlfw_TranslateUntranslatedKey(int,int)" (?ImGui_ImplGlfw_TranslateUntranslatedKey@@YAHHH@Z)
imgui_impl_glfw.obj : error LNK2019: unresolved external symbol glfwSetMonitorCallback referenced in function "void __cdecl ImGui_ImplGlfw_InstallCallbacks(struct GLFWwindow *)" (?ImGui_ImplGlfw_InstallCallbacks@@YAXPEAUGLFWwindow@@@Z)
imgui_impl_glfw.obj : error LNK2019: unresolved external symbol glfwGetWindowSize referenced in function "void __cdecl ImGui_ImplGlfw_NewFrame(void)" (?ImGui_ImplGlfw_NewFrame@@YAXXZ)
imgui_impl_glfw.obj : error LNK2019: unresolved external symbol glfwGetFramebufferSize referenced in function "void __cdecl ImGui_ImplGlfw_NewFrame(void)" (?ImGui_ImplGlfw_NewFrame@@YAXXZ)
imgui_impl_glfw.obj : error LNK2019: unresolved external symbol glfwGetWindowAttrib referenced in function "void __cdecl ImGui_ImplGlfw_UpdateMouseData(void)" (?ImGui_ImplGlfw_UpdateMouseData@@YAXXZ)
imgui_impl_glfw.obj : error LNK2019: unresolved external symbol glfwSetWindowFocusCallback referenced in function "void __cdecl ImGui_ImplGlfw_InstallCallbacks(struct GLFWwindow *)" (?ImGui_ImplGlfw_InstallCallbacks@@YAXPEAUGLFWwindow@@@Z)
imgui_impl_glfw.obj : error LNK2019: unresolved external symbol glfwGetInputMode referenced in function "void __cdecl ImGui_ImplGlfw_UpdateMouseCursor(void)" (?ImGui_ImplGlfw_UpdateMouseCursor@@YAXXZ)
imgui_impl_glfw.obj : error LNK2019: unresolved external symbol glfwSetInputMode referenced in function "void __cdecl ImGui_ImplGlfw_UpdateMouseCursor(void)" (?ImGui_ImplGlfw_UpdateMouseCursor@@YAXXZ)
imgui_impl_glfw.obj : error LNK2019: unresolved external symbol glfwGetKeyName referenced in function "int __cdecl ImGui_ImplGlfw_TranslateUntranslatedKey(int,int)" (?ImGui_ImplGlfw_TranslateUntranslatedKey@@YAHHH@Z)
imgui_impl_glfw.obj : error LNK2019: unresolved external symbol glfwGetKey referenced in function "void __cdecl ImGui_ImplGlfw_UpdateKeyModifiers(struct GLFWwindow *)" (?ImGui_ImplGlfw_UpdateKeyModifiers@@YAXPEAUGLFWwindow@@@Z)
imgui_impl_glfw.obj : error LNK2019: unresolved external symbol glfwSetCursorPos referenced in function "void __cdecl ImGui_ImplGlfw_UpdateMouseData(void)" (?ImGui_ImplGlfw_UpdateMouseData@@YAXXZ)
imgui_impl_glfw.obj : error LNK2019: unresolved external symbol glfwCreateStandardCursor referenced in function "bool __cdecl ImGui_ImplGlfw_Init(struct GLFWwindow *,bool,enum GlfwClientApi)" (?ImGui_ImplGlfw_Init@@YA_NPEAUGLFWwindow@@_NW4GlfwClientApi@@@Z)
imgui_impl_glfw.obj : error LNK2019: unresolved external symbol glfwDestroyCursor referenced in function "void __cdecl ImGui_ImplGlfw_Shutdown(void)" (?ImGui_ImplGlfw_Shutdown@@YAXXZ)
imgui_impl_glfw.obj : error LNK2019: unresolved external symbol glfwSetCursor referenced in function "void __cdecl ImGui_ImplGlfw_UpdateMouseCursor(void)" (?ImGui_ImplGlfw_UpdateMouseCursor@@YAXXZ)
imgui_impl_glfw.obj : error LNK2019: unresolved external symbol glfwSetCharCallback referenced in function "void __cdecl ImGui_ImplGlfw_InstallCallbacks(struct GLFWwindow *)" (?ImGui_ImplGlfw_InstallCallbacks@@YAXPEAUGLFWwindow@@@Z)
imgui_impl_glfw.obj : error LNK2019: unresolved external symbol glfwSetCursorEnterCallback referenced in function "void __cdecl ImGui_ImplGlfw_InstallCallbacks(struct GLFWwindow *)" (?ImGui_ImplGlfw_InstallCallbacks@@YAXPEAUGLFWwindow@@@Z)
imgui_impl_glfw.obj : error LNK2019: unresolved external symbol glfwGetGamepadState referenced in function "void __cdecl ImGui_ImplGlfw_UpdateGamepads(void)" (?ImGui_ImplGlfw_UpdateGamepads@@YAXXZ)
imgui_impl_glfw.obj : error LNK2019: unresolved external symbol glfwSetClipboardString referenced in function "void __cdecl ImGui_ImplGlfw_SetClipboardText(void *,char const *)" (?ImGui_ImplGlfw_SetClipboardText@@YAXPEAXPEBD@Z)
imgui_impl_glfw.obj : error LNK2019: unresolved external symbol glfwGetClipboardString referenced in function "char const * __cdecl ImGui_ImplGlfw_GetClipboardText(void *)" (?ImGui_ImplGlfw_GetClipboardText@@YAPEBDPEAX@Z)
imgui_impl_glfw.obj : error LNK2019: unresolved external symbol glfwGetTime referenced in function "void __cdecl ImGui_ImplGlfw_NewFrame(void)" (?ImGui_ImplGlfw_NewFrame@@YAXXZ)
imgui_impl_glfw.obj : error LNK2019: unresolved external symbol glfwGetWin32Window referenced in function "bool __cdecl ImGui_ImplGlfw_Init(struct GLFWwindow *,bool,enum GlfwClientApi)" (?ImGui_ImplGlfw_Init@@YA_NPEAUGLFWwindow@@_NW4GlfwClientApi@@@Z)
..\Shard\vendor\glfw\lib-vc2022\glfw3_mt.lib : warning LNK4272: library machine type 'x86' conflicts with target machine type 'x64'
C:\Chalmers\MPALG1\LP3\Spelmotor\ShardPlusPlus\x64\Debug\Game.exe : fatal error LNK1120: 40 unresolved externals
